0 info it worked if it ends with ok
1 verbose cli [ '/usr/bin/nodejs', '/usr/bin/npm', 'i', 'http' ]
2 info using npm@3.5.2
3 info using node@v4.2.6
4 silly loadCurrentTree Starting
5 silly install loadCurrentTree
6 silly install readLocalPackageData
7 silly fetchPackageMetaData http
8 silly fetchNamedPackageData http
9 silly mapToRegistry name http
10 silly mapToRegistry using default registry
11 silly mapToRegistry registry https://registry.npmjs.org/
12 silly mapToRegistry uri https://registry.npmjs.org/http
13 verbose request uri https://registry.npmjs.org/http
14 verbose request no auth needed
15 info attempt registry request try #1 at 2:03:35 PM
16 verbose request id 22e01183ad46db27
17 http request GET https://registry.npmjs.org/http
18 http 200 https://registry.npmjs.org/http
19 verbose headers { 'content-type': 'application/json; charset=UTF-8',
19 verbose headers   server: 'UploadServer',
19 verbose headers   'cache-control': 'max-age=300',
19 verbose headers   'last-modified': 'Wed, 21 Feb 2018 16:09:35 GMT',
19 verbose headers   etag: '"5a8d99bf-429"',
19 verbose headers   'x-npm-region': 'US-Central',
19 verbose headers   'content-encoding': 'gzip',
19 verbose headers   'content-length': '580',
19 verbose headers   'accept-ranges': 'bytes',
19 verbose headers   date: 'Tue, 27 Mar 2018 19:03:35 GMT',
19 verbose headers   via: '1.1 varnish',
19 verbose headers   age: '5376',
19 verbose headers   connection: 'keep-alive',
19 verbose headers   'x-served-by': 'cache-mdw17343-MDW',
19 verbose headers   'x-cache': 'HIT',
19 verbose headers   'x-cache-hits': '3',
19 verbose headers   'x-timer': 'S1522177416.883069,VS0,VE0',
19 verbose headers   vary: 'Accept-Encoding, Accept' }
20 silly get cb [ 200,
20 silly get   { 'content-type': 'application/json; charset=UTF-8',
20 silly get     server: 'UploadServer',
20 silly get     'cache-control': 'max-age=300',
20 silly get     'last-modified': 'Wed, 21 Feb 2018 16:09:35 GMT',
20 silly get     etag: '"5a8d99bf-429"',
20 silly get     'x-npm-region': 'US-Central',
20 silly get     'content-encoding': 'gzip',
20 silly get     'content-length': '580',
20 silly get     'accept-ranges': 'bytes',
20 silly get     date: 'Tue, 27 Mar 2018 19:03:35 GMT',
20 silly get     via: '1.1 varnish',
20 silly get     age: '5376',
20 silly get     connection: 'keep-alive',
20 silly get     'x-served-by': 'cache-mdw17343-MDW',
20 silly get     'x-cache': 'HIT',
20 silly get     'x-cache-hits': '3',
20 silly get     'x-timer': 'S1522177416.883069,VS0,VE0',
20 silly get     vary: 'Accept-Encoding, Accept' } ]
21 verbose get saving http to /home/adithya/.npm/registry.npmjs.org/http/.cache.json
22 silly install normalizeTree
23 silly loadCurrentTree Finishing
24 silly loadIdealTree Starting
25 silly install loadIdealTree
26 silly cloneCurrentTree Starting
27 silly install cloneCurrentTreeToIdealTree
28 silly cloneCurrentTree Finishing
29 silly loadShrinkwrap Starting
30 silly install loadShrinkwrap
31 silly loadShrinkwrap Finishing
32 silly loadAllDepsIntoIdealTree Starting
33 silly install loadAllDepsIntoIdealTree
34 silly resolveWithNewModule http@0.0.0 checking installable status
35 silly cache add args [ 'http', null ]
36 verbose cache add spec http
37 silly cache add parsed spec Result {
37 silly cache add   raw: 'http',
37 silly cache add   scope: null,
37 silly cache add   name: 'http',
37 silly cache add   rawSpec: '',
37 silly cache add   spec: 'latest',
37 silly cache add   type: 'tag' }
38 silly addNamed http@latest
39 verbose addNamed "latest" is being treated as a dist-tag for http
40 info addNameTag [ 'http', 'latest' ]
41 silly mapToRegistry name http
42 silly mapToRegistry using default registry
43 silly mapToRegistry registry https://registry.npmjs.org/
44 silly mapToRegistry uri https://registry.npmjs.org/http
45 verbose addNameTag registry:https://registry.npmjs.org/http not in flight; fetching
46 verbose get https://registry.npmjs.org/http not expired, no request
47 silly addNameTag next cb for http with tag latest
48 silly addNamed http@0.0.0
49 verbose addNamed "0.0.0" is a plain semver version for http
50 silly mapToRegistry name http
51 silly mapToRegistry using default registry
52 silly mapToRegistry registry https://registry.npmjs.org/
53 silly mapToRegistry uri https://registry.npmjs.org/http
54 verbose addRemoteTarball https://registry.npmjs.org/http/-/http-0.0.0.tgz not in flight; adding
55 verbose addRemoteTarball [ 'https://registry.npmjs.org/http/-/http-0.0.0.tgz',
55 verbose addRemoteTarball   '86e6326d29c5d039de9fac584a45689f929f4f72' ]
56 info retry fetch attempt 1 at 2:03:35 PM
57 info attempt registry request try #1 at 2:03:35 PM
58 http fetch GET https://registry.npmjs.org/http/-/http-0.0.0.tgz
59 http fetch 200 https://registry.npmjs.org/http/-/http-0.0.0.tgz
60 silly fetchAndShaCheck shasum 86e6326d29c5d039de9fac584a45689f929f4f72
61 verbose addTmpTarball /tmp/npm-30608-9ff65477/registry.npmjs.org/http/-/http-0.0.0.tgz not in flight; adding
62 verbose addTmpTarball already have metadata; skipping unpack for http@0.0.0
63 silly cache afterAdd http@0.0.0
64 verbose afterAdd /home/adithya/.npm/http/0.0.0/package/package.json not in flight; writing
65 verbose afterAdd /home/adithya/.npm/http/0.0.0/package/package.json written
66 silly loadAllDepsIntoIdealTree Finishing
67 silly idealTree:prePrune backend@1.0.0
67 silly idealTree:prePrune ├── accepts@1.3.5
67 silly idealTree:prePrune ├── array-flatten@1.1.1
67 silly idealTree:prePrune ├── bignumber.js@4.0.4
67 silly idealTree:prePrune ├── body-parser@1.18.2
67 silly idealTree:prePrune ├── bytes@3.0.0
67 silly idealTree:prePrune ├── content-disposition@0.5.2
67 silly idealTree:prePrune ├── content-type@1.0.4
67 silly idealTree:prePrune ├── cookie-signature@1.0.6
67 silly idealTree:prePrune ├── cookie@0.3.1
67 silly idealTree:prePrune ├── core-util-is@1.0.2
67 silly idealTree:prePrune ├── debug@2.6.9
67 silly idealTree:prePrune ├── depd@1.1.2
67 silly idealTree:prePrune ├── destroy@1.0.4
67 silly idealTree:prePrune ├── ee-first@1.1.1
67 silly idealTree:prePrune ├── encodeurl@1.0.2
67 silly idealTree:prePrune ├── escape-html@1.0.3
67 silly idealTree:prePrune ├── etag@1.8.1
67 silly idealTree:prePrune ├── express@4.16.3
67 silly idealTree:prePrune ├── finalhandler@1.1.1
67 silly idealTree:prePrune ├── forwarded@0.1.2
67 silly idealTree:prePrune ├── fresh@0.5.2
67 silly idealTree:prePrune ├─┬ http-errors@1.6.2
67 silly idealTree:prePrune │ ├── depd@1.1.1
67 silly idealTree:prePrune │ └── setprototypeof@1.0.3
67 silly idealTree:prePrune ├── http@0.0.0
67 silly idealTree:prePrune ├── iconv-lite@0.4.19
67 silly idealTree:prePrune ├── inherits@2.0.3
67 silly idealTree:prePrune ├── ipaddr.js@1.6.0
67 silly idealTree:prePrune ├── isarray@1.0.0
67 silly idealTree:prePrune ├── media-typer@0.3.0
67 silly idealTree:prePrune ├── merge-descriptors@1.0.1
67 silly idealTree:prePrune ├── methods@1.1.2
67 silly idealTree:prePrune ├── mime-db@1.33.0
67 silly idealTree:prePrune ├── mime-types@2.1.18
67 silly idealTree:prePrune ├── mime@1.4.1
67 silly idealTree:prePrune ├── ms@2.0.0
67 silly idealTree:prePrune ├── mysql@2.15.0
67 silly idealTree:prePrune ├── negotiator@0.6.1
67 silly idealTree:prePrune ├── on-finished@2.3.0
67 silly idealTree:prePrune ├── parseurl@1.3.2
67 silly idealTree:prePrune ├── path-to-regexp@0.1.7
67 silly idealTree:prePrune ├── process-nextick-args@1.0.7
67 silly idealTree:prePrune ├── proxy-addr@2.0.3
67 silly idealTree:prePrune ├── qs@6.5.1
67 silly idealTree:prePrune ├── range-parser@1.2.0
67 silly idealTree:prePrune ├── raw-body@2.3.2
67 silly idealTree:prePrune ├── readable-stream@2.3.3
67 silly idealTree:prePrune ├── safe-buffer@5.1.1
67 silly idealTree:prePrune ├── send@0.16.2
67 silly idealTree:prePrune ├── serve-static@1.13.2
67 silly idealTree:prePrune ├── setprototypeof@1.1.0
67 silly idealTree:prePrune ├── sqlstring@2.3.0
67 silly idealTree:prePrune ├── statuses@1.4.0
67 silly idealTree:prePrune ├── string_decoder@1.0.3
67 silly idealTree:prePrune ├── type-is@1.6.16
67 silly idealTree:prePrune ├── unpipe@1.0.0
67 silly idealTree:prePrune ├── util-deprecate@1.0.2
67 silly idealTree:prePrune ├── utils-merge@1.0.1
67 silly idealTree:prePrune └── vary@1.1.2
68 silly loadIdealTree Finishing
69 silly currentTree backend@1.0.0
69 silly currentTree ├── accepts@1.3.5
69 silly currentTree ├── array-flatten@1.1.1
69 silly currentTree ├── bignumber.js@4.0.4
69 silly currentTree ├── body-parser@1.18.2
69 silly currentTree ├── bytes@3.0.0
69 silly currentTree ├── content-disposition@0.5.2
69 silly currentTree ├── content-type@1.0.4
69 silly currentTree ├── cookie-signature@1.0.6
69 silly currentTree ├── cookie@0.3.1
69 silly currentTree ├── core-util-is@1.0.2
69 silly currentTree ├── debug@2.6.9
69 silly currentTree ├── depd@1.1.2
69 silly currentTree ├── destroy@1.0.4
69 silly currentTree ├── ee-first@1.1.1
69 silly currentTree ├── encodeurl@1.0.2
69 silly currentTree ├── escape-html@1.0.3
69 silly currentTree ├── etag@1.8.1
69 silly currentTree ├── express@4.16.3
69 silly currentTree ├── finalhandler@1.1.1
69 silly currentTree ├── forwarded@0.1.2
69 silly currentTree ├── fresh@0.5.2
69 silly currentTree ├─┬ http-errors@1.6.2
69 silly currentTree │ ├── depd@1.1.1
69 silly currentTree │ └── setprototypeof@1.0.3
69 silly currentTree ├── iconv-lite@0.4.19
69 silly currentTree ├── inherits@2.0.3
69 silly currentTree ├── ipaddr.js@1.6.0
69 silly currentTree ├── isarray@1.0.0
69 silly currentTree ├── media-typer@0.3.0
69 silly currentTree ├── merge-descriptors@1.0.1
69 silly currentTree ├── methods@1.1.2
69 silly currentTree ├── mime-db@1.33.0
69 silly currentTree ├── mime-types@2.1.18
69 silly currentTree ├── mime@1.4.1
69 silly currentTree ├── ms@2.0.0
69 silly currentTree ├── mysql@2.15.0
69 silly currentTree ├── negotiator@0.6.1
69 silly currentTree ├── on-finished@2.3.0
69 silly currentTree ├── parseurl@1.3.2
69 silly currentTree ├── path-to-regexp@0.1.7
69 silly currentTree ├── process-nextick-args@1.0.7
69 silly currentTree ├── proxy-addr@2.0.3
69 silly currentTree ├── qs@6.5.1
69 silly currentTree ├── range-parser@1.2.0
69 silly currentTree ├── raw-body@2.3.2
69 silly currentTree ├── readable-stream@2.3.3
69 silly currentTree ├── safe-buffer@5.1.1
69 silly currentTree ├── send@0.16.2
69 silly currentTree ├── serve-static@1.13.2
69 silly currentTree ├── setprototypeof@1.1.0
69 silly currentTree ├── sqlstring@2.3.0
69 silly currentTree ├── statuses@1.4.0
69 silly currentTree ├── string_decoder@1.0.3
69 silly currentTree ├── type-is@1.6.16
69 silly currentTree ├── unpipe@1.0.0
69 silly currentTree ├── util-deprecate@1.0.2
69 silly currentTree ├── utils-merge@1.0.1
69 silly currentTree └── vary@1.1.2
70 silly idealTree backend@1.0.0
70 silly idealTree ├── accepts@1.3.5
70 silly idealTree ├── array-flatten@1.1.1
70 silly idealTree ├── bignumber.js@4.0.4
70 silly idealTree ├── body-parser@1.18.2
70 silly idealTree ├── bytes@3.0.0
70 silly idealTree ├── content-disposition@0.5.2
70 silly idealTree ├── content-type@1.0.4
70 silly idealTree ├── cookie-signature@1.0.6
70 silly idealTree ├── cookie@0.3.1
70 silly idealTree ├── core-util-is@1.0.2
70 silly idealTree ├── debug@2.6.9
70 silly idealTree ├── depd@1.1.2
70 silly idealTree ├── destroy@1.0.4
70 silly idealTree ├── ee-first@1.1.1
70 silly idealTree ├── encodeurl@1.0.2
70 silly idealTree ├── escape-html@1.0.3
70 silly idealTree ├── etag@1.8.1
70 silly idealTree ├── express@4.16.3
70 silly idealTree ├── finalhandler@1.1.1
70 silly idealTree ├── forwarded@0.1.2
70 silly idealTree ├── fresh@0.5.2
70 silly idealTree ├─┬ http-errors@1.6.2
70 silly idealTree │ ├── depd@1.1.1
70 silly idealTree │ └── setprototypeof@1.0.3
70 silly idealTree ├── http@0.0.0
70 silly idealTree ├── iconv-lite@0.4.19
70 silly idealTree ├── inherits@2.0.3
70 silly idealTree ├── ipaddr.js@1.6.0
70 silly idealTree ├── isarray@1.0.0
70 silly idealTree ├── media-typer@0.3.0
70 silly idealTree ├── merge-descriptors@1.0.1
70 silly idealTree ├── methods@1.1.2
70 silly idealTree ├── mime-db@1.33.0
70 silly idealTree ├── mime-types@2.1.18
70 silly idealTree ├── mime@1.4.1
70 silly idealTree ├── ms@2.0.0
70 silly idealTree ├── mysql@2.15.0
70 silly idealTree ├── negotiator@0.6.1
70 silly idealTree ├── on-finished@2.3.0
70 silly idealTree ├── parseurl@1.3.2
70 silly idealTree ├── path-to-regexp@0.1.7
70 silly idealTree ├── process-nextick-args@1.0.7
70 silly idealTree ├── proxy-addr@2.0.3
70 silly idealTree ├── qs@6.5.1
70 silly idealTree ├── range-parser@1.2.0
70 silly idealTree ├── raw-body@2.3.2
70 silly idealTree ├── readable-stream@2.3.3
70 silly idealTree ├── safe-buffer@5.1.1
70 silly idealTree ├── send@0.16.2
70 silly idealTree ├── serve-static@1.13.2
70 silly idealTree ├── setprototypeof@1.1.0
70 silly idealTree ├── sqlstring@2.3.0
70 silly idealTree ├── statuses@1.4.0
70 silly idealTree ├── string_decoder@1.0.3
70 silly idealTree ├── type-is@1.6.16
70 silly idealTree ├── unpipe@1.0.0
70 silly idealTree ├── util-deprecate@1.0.2
70 silly idealTree ├── utils-merge@1.0.1
70 silly idealTree └── vary@1.1.2
71 silly generateActionsToTake Starting
72 silly install generateActionsToTake
73 warn checkPermissions Missing write access to /home/adithya/Projects/TodoApp/js/backend/node_modules
74 silly rollbackFailedOptional Starting
75 silly rollbackFailedOptional Finishing
76 silly runTopLevelLifecycles Starting
77 silly runTopLevelLifecycles Finishing
78 silly install printInstalled
79 warn backend@1.0.0 No description
80 warn backend@1.0.0 No repository field.
81 verbose stack Error: EACCES: permission denied, access '/home/adithya/Projects/TodoApp/js/backend/node_modules'
81 verbose stack     at Error (native)
82 verbose cwd /home/adithya/Projects/TodoApp/js/backend
83 error Linux 4.4.0-116-generic
84 error argv "/usr/bin/nodejs" "/usr/bin/npm" "i" "http"
85 error node v4.2.6
86 error npm  v3.5.2
87 error path /home/adithya/Projects/TodoApp/js/backend/node_modules
88 error code EACCES
89 error errno -13
90 error syscall access
91 error Error: EACCES: permission denied, access '/home/adithya/Projects/TodoApp/js/backend/node_modules'
91 error     at Error (native)
91 error  { [Error: EACCES: permission denied, access '/home/adithya/Projects/TodoApp/js/backend/node_modules']
91 error   errno: -13,
91 error   code: 'EACCES',
91 error   syscall: 'access',
91 error   path: '/home/adithya/Projects/TodoApp/js/backend/node_modules' }
92 error Please try running this command again as root/Administrator.
93 verbose exit [ -13, true ]
